TN:
SF:WEBSITEOS\v2\core\design-genome.ts
FN:18,validateGenome
FNF:1
FNH:1
FNDA:1,validateGenome
DA:1,1
DA:3,1
DA:18,1
DA:19,1
DA:20,1
DA:21,0
DA:23,1
LF:7
LH:6
BRDA:20,0,0,0
BRF:1
BRH:0
end_of_record
TN:
SF:src\App.tsx
FN:7,App
FNF:1
FNH:1
FNDA:1,App
DA:1,1
DA:2,1
DA:3,1
DA:4,1
DA:5,1
DA:7,1
DA:8,1
LF:7
LH:7
BRF:0
BRH:0
end_of_record
TN:
SF:src\components\Footer.tsx
FN:3,Footer
FNF:1
FNH:0
FNDA:0,Footer
DA:3,1
DA:4,0
LF:2
LH:1
BRF:0
BRH:0
end_of_record
TN:
SF:src\components\Navbar.tsx
FN:4,Navbar
FNF:1
FNH:0
FNDA:0,Navbar
DA:2,1
DA:4,1
DA:5,0
LF:3
LH:2
BRF:0
BRH:0
end_of_record
TN:
SF:src\pages\Dashboard.tsx
FN:4,Dashboard
FNF:1
FNH:1
FNDA:2,Dashboard
DA:4,1
DA:5,2
LF:2
LH:2
BRF:0
BRH:0
end_of_record
TN:
SF:src\pages\Home.tsx
FN:4,Home
FNF:1
FNH:0
FNDA:0,Home
DA:2,1
DA:4,1
DA:5,0
LF:3
LH:2
BRF:0
BRH:0
end_of_record
TN:
SF:src\pages\Status.tsx
FN:10,StatusBadge
FN:27,Status
FN:35,fetchStatus
FN:55,(anonymous_3)
FN:58,(anonymous_4)
FNF:5
FNH:0
FNDA:0,StatusBadge
FNDA:0,Status
FNDA:0,fetchStatus
FNDA:0,(anonymous_3)
FNDA:0,(anonymous_4)
DA:1,1
DA:2,1
DA:11,0
DA:27,1
DA:28,0
DA:29,0
DA:30,0
DA:31,0
DA:32,0
DA:33,0
DA:36,0
DA:37,0
DA:38,0
DA:43,0
DA:44,0
DA:45,0
DA:46,0
DA:47,0
DA:49,0
DA:51,0
DA:55,0
DA:56,0
DA:57,0
DA:58,0
DA:61,0
DA:63,0
LF:26
LH:3
BRDA:14,0,0,0
BRDA:14,0,1,0
BRDA:18,1,0,0
BRDA:18,1,1,0
BRDA:21,2,0,0
BRDA:21,2,1,0
BRDA:49,3,0,0
BRDA:49,3,1,0
BRDA:61,4,0,0
BRDA:61,4,1,0
BRDA:61,4,2,0
BRDA:66,5,0,0
BRDA:66,5,1,0
BRDA:74,6,0,0
BRDA:74,6,1,0
BRDA:85,7,0,0
BRDA:85,7,1,0
BRDA:88,8,0,0
BRDA:88,8,1,0
BRDA:91,9,0,0
BRDA:91,9,1,0
BRDA:101,10,0,0
BRDA:101,10,1,0
BRDA:104,11,0,0
BRDA:104,11,1,0
BRDA:111,12,0,0
BRDA:111,12,1,0
BRDA:114,13,0,0
BRDA:114,13,1,0
BRDA:121,14,0,0
BRDA:121,14,1,0
BRDA:124,15,0,0
BRDA:124,15,1,0
BRF:33
BRH:0
end_of_record
TN:
SF:src\utils\apiClient.ts
FN:13,getApiHealth
FN:17,getRootHealth
FN:21,getApiStatus
FNF:3
FNH:0
FNDA:0,getApiHealth
FNDA:0,getRootHealth
FNDA:0,getApiStatus
DA:13,1
DA:14,0
DA:17,1
DA:18,0
DA:21,1
DA:22,0
LF:6
LH:3
BRF:0
BRH:0
end_of_record
TN:
SF:v2\core\autonomous-redesign.ts
FN:1,decideAutonomy
FNF:1
FNH:1
FNDA:2,decideAutonomy
DA:1,2
DA:3,2
LF:2
LH:2
BRF:0
BRH:0
end_of_record
TN:
SF:v2\core\design-genome.ts
FN:18,validateGenome
FNF:1
FNH:1
FNDA:1,validateGenome
DA:1,1
DA:3,1
DA:18,1
DA:19,1
DA:20,1
DA:21,0
DA:23,1
LF:7
LH:6
BRDA:20,0,0,0
BRF:1
BRH:0
end_of_record
